Arguments: 
  /usr/local/Cellar/node/12.9.0/bin/node /usr/local/Cellar/yarn/1.17.3/libexec/bin/yarn.js create react-app client

PATH: 
  /Users/annamoser/.rbenv/shims:/usr/local/bin:/usr/bin:/bin:/usr/sbin:/sbin

Yarn version: 
  1.17.3

Node version: 
  12.9.0

Platform: 
  darwin x64

Trace: 
  SyntaxError: /Users/annamoser/General_Assembly/final-project/p4-flashcards/flashcards/package.json: Unexpected token   in JSON at position 164
      at JSON.parse (<anonymous>)
      at /usr/local/Cellar/yarn/1.17.3/libexec/lib/cli.js:1625:59
      at Generator.next (<anonymous>)
      at step (/usr/local/Cellar/yarn/1.17.3/libexec/lib/cli.js:304:30)
      at /usr/local/Cellar/yarn/1.17.3/libexec/lib/cli.js:315:13

npm manifest: 
  {
    "name": "flashcards",
    "version": "1.0.0",
    "description": "",
    "main": "index.js",
    "directories": {
      "lib": "lib",
      "test": "test"
    },
    "engines": {
          "yarn": "1.17.3"
        },
    "scripts": {
      "test": "echo \"Error: no test specified\" && exit 1"
    },
    "keywords": [],
    "author": "",
    "license": "ISC"
  }

yarn manifest: 
  No manifest

Lockfile: 
  No lockfile
