Started GET "/admin" for ::1 at 2020-04-17 23:36:12 -0400
  [1m[35m (1.4ms)[0m  [1m[34mSELECT "schema_migrations"."version" FROM "schema_migrations" ORDER BY "schema_migrations"."version" ASC[0m
Processing by Admin::DashboardController#index as HTML
  Rendering /Users/annamoser/.rbenv/versions/2.6.3/lib/ruby/gems/2.6.0/gems/activeadmin-2.4.0/app/views/active_admin/page/index.html.arb
Started GET "/admin" for ::1 at 2020-04-17 23:36:16 -0400
Processing by Admin::DashboardController#index as HTML
  Rendering /Users/annamoser/.rbenv/versions/2.6.3/lib/ruby/gems/2.6.0/gems/activeadmin-2.4.0/app/views/active_admin/page/index.html.arb
  Rendered /Users/annamoser/.rbenv/versions/2.6.3/lib/ruby/gems/2.6.0/gems/activeadmin-2.4.0/app/views/active_admin/page/index.html.arb (Duration: 3789.1ms | Allocations: 280278)
Completed 200 OK in 3806ms (Views: 3797.3ms | ActiveRecord: 0.0ms | Allocations: 284060)


  Rendered /Users/annamoser/.rbenv/versions/2.6.3/lib/ruby/gems/2.6.0/gems/activeadmin-2.4.0/app/views/active_admin/page/index.html.arb (Duration: 317.0ms | Allocations: 110452)
Completed 200 OK in 318ms (Views: 317.4ms | ActiveRecord: 0.0ms | Allocations: 110846)


Started GET "/assets/active_admin-f259605b14286ed7ed8900eae13664b0fe45f5a31b714c248e22f3c0015314c6.css" for ::1 at 2020-04-17 23:36:16 -0400
Started GET "/assets/active_admin-1f7788ad9e490162d09aca27004c3d9801cfca901a78a447b17efe7d88d22c51.js" for ::1 at 2020-04-17 23:36:16 -0400
Started GET "/assets/active_admin/print-147e4e971b1feb2f214af90b1f571f2706722e0b4bba1c98a57cbf500e0f7abf.css" for ::1 at 2020-04-17 23:36:16 -0400
Started GET "/favicon.ico" for ::1 at 2020-04-17 23:36:17 -0400
  
ActionController::RoutingError (No route matches [GET] "/favicon.ico"):
  
actionpack (6.0.1) lib/action_dispatch/middleware/debug_exceptions.rb:36:in `call'
actionpack (6.0.1) lib/action_dispatch/middleware/show_exceptions.rb:33:in `call'
railties (6.0.1) lib/rails/rack/logger.rb:38:in `call_app'
railties (6.0.1) lib/rails/rack/logger.rb:26:in `block in call'
activesupport (6.0.1) lib/active_support/tagged_logging.rb:80:in `block in tagged'
activesupport (6.0.1) lib/active_support/tagged_logging.rb:28:in `tagged'
activesupport (6.0.1) lib/active_support/tagged_logging.rb:80:in `tagged'
railties (6.0.1) lib/rails/rack/logger.rb:26:in `call'
actionpack (6.0.1) lib/action_dispatch/middleware/remote_ip.rb:81:in `call'
actionpack (6.0.1) lib/action_dispatch/middleware/request_id.rb:27:in `call'
rack (2.0.7) lib/rack/runtime.rb:22:in `call'
activesupport (6.0.1) lib/active_support/cache/strategy/local_cache_middleware.rb:29:in `call'
actionpack (6.0.1) lib/action_dispatch/middleware/executor.rb:14:in `call'
actionpack (6.0.1) lib/action_dispatch/middleware/static.rb:126:in `call'
rack (2.0.7) lib/rack/sendfile.rb:111:in `call'
actionpack (6.0.1) lib/action_dispatch/middleware/host_authorization.rb:83:in `call'
rack-cors (1.0.3) lib/rack/cors.rb:95:in `call'
rack-cors (1.0.3) lib/rack/cors.rb:95:in `call'
railties (6.0.1) lib/rails/engine.rb:526:in `call'
puma (4.2.1) lib/puma/configuration.rb:228:in `call'
puma (4.2.1) lib/puma/server.rb:667:in `handle_request'
puma (4.2.1) lib/puma/server.rb:470:in `process_client'
puma (4.2.1) lib/puma/server.rb:328:in `block in run'
puma (4.2.1) lib/puma/thread_pool.rb:134:in `block in spawn_thread'
Started GET "/admin/cards" for ::1 at 2020-04-17 23:36:19 -0400
Processing by Admin::CardsController#index as HTML
  Rendering /Users/annamoser/.rbenv/versions/2.6.3/lib/ruby/gems/2.6.0/gems/activeadmin-2.4.0/app/views/active_admin/resource/index.html.arb
  [1m[35m (0.8ms)[0m  [1m[34mSELECT COUNT(*) FROM (SELECT 1 AS one FROM "cards" LIMIT $1 OFFSET $2) subquery_for_count[0m  [["LIMIT", 30], ["OFFSET", 0]]
  [1m[35mCACHE  (0.0ms)[0m  [1m[34mSELECT COUNT(*) FROM (SELECT 1 AS one FROM "cards" LIMIT $1 OFFSET $2) subquery_for_count[0m  [["LIMIT", 30], ["OFFSET", 0]]
  [1m[35m (0.2ms)[0m  [1m[34mSELECT COUNT(*) FROM "cards"[0m
  [1m[35mCACHE  (0.0ms)[0m  [1m[34mSELECT COUNT(*) FROM (SELECT 1 AS one FROM "cards" LIMIT $1 OFFSET $2) subquery_for_count[0m  [["LIMIT", 30], ["OFFSET", 0]]
  [1m[36mCard Load (0.5ms)[0m  [1m[34mSELECT "cards".* FROM "cards" ORDER BY "cards"."id" desc LIMIT $1 OFFSET $2[0m  [["LIMIT", 30], ["OFFSET", 0]]
  Rendered /Users/annamoser/.rbenv/versions/2.6.3/lib/ruby/gems/2.6.0/gems/activeadmin-2.4.0/app/views/active_admin/resource/index.html.arb (Duration: 86.3ms | Allocations: 73373)
Completed 200 OK in 100ms (Views: 86.9ms | ActiveRecord: 7.7ms | Allocations: 76531)


Started GET "/favicon.ico" for ::1 at 2020-04-17 23:36:19 -0400
  
ActionController::RoutingError (No route matches [GET] "/favicon.ico"):
  
actionpack (6.0.1) lib/action_dispatch/middleware/debug_exceptions.rb:36:in `call'
actionpack (6.0.1) lib/action_dispatch/middleware/show_exceptions.rb:33:in `call'
railties (6.0.1) lib/rails/rack/logger.rb:38:in `call_app'
railties (6.0.1) lib/rails/rack/logger.rb:26:in `block in call'
activesupport (6.0.1) lib/active_support/tagged_logging.rb:80:in `block in tagged'
activesupport (6.0.1) lib/active_support/tagged_logging.rb:28:in `tagged'
activesupport (6.0.1) lib/active_support/tagged_logging.rb:80:in `tagged'
railties (6.0.1) lib/rails/rack/logger.rb:26:in `call'
actionpack (6.0.1) lib/action_dispatch/middleware/remote_ip.rb:81:in `call'
actionpack (6.0.1) lib/action_dispatch/middleware/request_id.rb:27:in `call'
rack (2.0.7) lib/rack/runtime.rb:22:in `call'
activesupport (6.0.1) lib/active_support/cache/strategy/local_cache_middleware.rb:29:in `call'
actionpack (6.0.1) lib/action_dispatch/middleware/executor.rb:14:in `call'
actionpack (6.0.1) lib/action_dispatch/middleware/static.rb:126:in `call'
rack (2.0.7) lib/rack/sendfile.rb:111:in `call'
actionpack (6.0.1) lib/action_dispatch/middleware/host_authorization.rb:83:in `call'
rack-cors (1.0.3) lib/rack/cors.rb:95:in `call'
rack-cors (1.0.3) lib/rack/cors.rb:95:in `call'
railties (6.0.1) lib/rails/engine.rb:526:in `call'
puma (4.2.1) lib/puma/configuration.rb:228:in `call'
puma (4.2.1) lib/puma/server.rb:667:in `handle_request'
puma (4.2.1) lib/puma/server.rb:470:in `process_client'
puma (4.2.1) lib/puma/server.rb:328:in `block in run'
puma (4.2.1) lib/puma/thread_pool.rb:134:in `block in spawn_thread'
Started GET "/api/cards.json" for ::1 at 2020-04-17 23:36:25 -0400
Processing by CardsController#index as JSON
  [1m[36mCard Load (0.2ms)[0m  [1m[34mSELECT "cards".* FROM "cards"[0m
  ↳ app/controllers/cards_controller.rb:4:in `index'
Completed 200 OK in 3ms (Views: 2.2ms | ActiveRecord: 0.2ms | Allocations: 2415)


Started GET "/api/cards.json" for ::1 at 2020-04-18 10:14:39 -0400
  [1m[35m (0.8ms)[0m  [1m[34mSELECT "schema_migrations"."version" FROM "schema_migrations" ORDER BY "schema_migrations"."version" ASC[0m
Processing by CardsController#index as JSON
  [1m[36mCard Load (1.1ms)[0m  [1m[34mSELECT "cards".* FROM "cards"[0m
  ↳ app/controllers/cards_controller.rb:4:in `index'
Completed 200 OK in 12ms (Views: 5.9ms | ActiveRecord: 5.2ms | Allocations: 5832)


Started GET "/" for ::1 at 2020-04-18 10:15:55 -0400
Processing by Rails::WelcomeController#index as HTML
  Rendering /Users/annamoser/.rbenv/versions/2.6.3/lib/ruby/gems/2.6.0/gems/railties-6.0.1/lib/rails/templates/rails/welcome/index.html.erb
  Rendered /Users/annamoser/.rbenv/versions/2.6.3/lib/ruby/gems/2.6.0/gems/railties-6.0.1/lib/rails/templates/rails/welcome/index.html.erb (Duration: 6.2ms | Allocations: 317)
Completed 200 OK in 9ms (Views: 7.7ms | ActiveRecord: 0.0ms | Allocations: 1601)


Started GET "/favicon.ico" for ::1 at 2020-04-18 10:15:55 -0400
  
ActionController::RoutingError (No route matches [GET] "/favicon.ico"):
  
actionpack (6.0.1) lib/action_dispatch/middleware/debug_exceptions.rb:36:in `call'
actionpack (6.0.1) lib/action_dispatch/middleware/show_exceptions.rb:33:in `call'
railties (6.0.1) lib/rails/rack/logger.rb:38:in `call_app'
railties (6.0.1) lib/rails/rack/logger.rb:26:in `block in call'
activesupport (6.0.1) lib/active_support/tagged_logging.rb:80:in `block in tagged'
activesupport (6.0.1) lib/active_support/tagged_logging.rb:28:in `tagged'
activesupport (6.0.1) lib/active_support/tagged_logging.rb:80:in `tagged'
railties (6.0.1) lib/rails/rack/logger.rb:26:in `call'
actionpack (6.0.1) lib/action_dispatch/middleware/remote_ip.rb:81:in `call'
actionpack (6.0.1) lib/action_dispatch/middleware/request_id.rb:27:in `call'
rack (2.0.7) lib/rack/runtime.rb:22:in `call'
activesupport (6.0.1) lib/active_support/cache/strategy/local_cache_middleware.rb:29:in `call'
actionpack (6.0.1) lib/action_dispatch/middleware/executor.rb:14:in `call'
actionpack (6.0.1) lib/action_dispatch/middleware/static.rb:126:in `call'
rack (2.0.7) lib/rack/sendfile.rb:111:in `call'
actionpack (6.0.1) lib/action_dispatch/middleware/host_authorization.rb:83:in `call'
rack-cors (1.0.3) lib/rack/cors.rb:95:in `call'
rack-cors (1.0.3) lib/rack/cors.rb:95:in `call'
railties (6.0.1) lib/rails/engine.rb:526:in `call'
puma (4.2.1) lib/puma/configuration.rb:228:in `call'
puma (4.2.1) lib/puma/server.rb:667:in `handle_request'
puma (4.2.1) lib/puma/server.rb:470:in `process_client'
puma (4.2.1) lib/puma/server.rb:328:in `block in run'
puma (4.2.1) lib/puma/thread_pool.rb:134:in `block in spawn_thread'
Started GET "/admin" for ::1 at 2020-04-18 10:16:00 -0400
Processing by Admin::DashboardController#index as HTML
  Rendering /Users/annamoser/.rbenv/versions/2.6.3/lib/ruby/gems/2.6.0/gems/activeadmin-2.4.0/app/views/active_admin/page/index.html.arb
  Rendered /Users/annamoser/.rbenv/versions/2.6.3/lib/ruby/gems/2.6.0/gems/activeadmin-2.4.0/app/views/active_admin/page/index.html.arb (Duration: 82.0ms | Allocations: 36967)
Completed 200 OK in 92ms (Views: 84.1ms | ActiveRecord: 0.0ms | Allocations: 38474)


Started GET "/assets/active_admin-1f7788ad9e490162d09aca27004c3d9801cfca901a78a447b17efe7d88d22c51.js" for ::1 at 2020-04-18 10:16:00 -0400
Started GET "/favicon.ico" for ::1 at 2020-04-18 10:16:00 -0400
  
ActionController::RoutingError (No route matches [GET] "/favicon.ico"):
  
actionpack (6.0.1) lib/action_dispatch/middleware/debug_exceptions.rb:36:in `call'
actionpack (6.0.1) lib/action_dispatch/middleware/show_exceptions.rb:33:in `call'
railties (6.0.1) lib/rails/rack/logger.rb:38:in `call_app'
railties (6.0.1) lib/rails/rack/logger.rb:26:in `block in call'
activesupport (6.0.1) lib/active_support/tagged_logging.rb:80:in `block in tagged'
activesupport (6.0.1) lib/active_support/tagged_logging.rb:28:in `tagged'
activesupport (6.0.1) lib/active_support/tagged_logging.rb:80:in `tagged'
railties (6.0.1) lib/rails/rack/logger.rb:26:in `call'
actionpack (6.0.1) lib/action_dispatch/middleware/remote_ip.rb:81:in `call'
actionpack (6.0.1) lib/action_dispatch/middleware/request_id.rb:27:in `call'
rack (2.0.7) lib/rack/runtime.rb:22:in `call'
activesupport (6.0.1) lib/active_support/cache/strategy/local_cache_middleware.rb:29:in `call'
actionpack (6.0.1) lib/action_dispatch/middleware/executor.rb:14:in `call'
actionpack (6.0.1) lib/action_dispatch/middleware/static.rb:126:in `call'
rack (2.0.7) lib/rack/sendfile.rb:111:in `call'
actionpack (6.0.1) lib/action_dispatch/middleware/host_authorization.rb:83:in `call'
rack-cors (1.0.3) lib/rack/cors.rb:95:in `call'
rack-cors (1.0.3) lib/rack/cors.rb:95:in `call'
railties (6.0.1) lib/rails/engine.rb:526:in `call'
puma (4.2.1) lib/puma/configuration.rb:228:in `call'
puma (4.2.1) lib/puma/server.rb:667:in `handle_request'
puma (4.2.1) lib/puma/server.rb:470:in `process_client'
puma (4.2.1) lib/puma/server.rb:328:in `block in run'
puma (4.2.1) lib/puma/thread_pool.rb:134:in `block in spawn_thread'
Started GET "/admin/cards" for ::1 at 2020-04-18 10:16:03 -0400
Processing by Admin::CardsController#index as HTML
  Rendering /Users/annamoser/.rbenv/versions/2.6.3/lib/ruby/gems/2.6.0/gems/activeadmin-2.4.0/app/views/active_admin/resource/index.html.arb
  [1m[35m (0.5ms)[0m  [1m[34mSELECT COUNT(*) FROM (SELECT 1 AS one FROM "cards" LIMIT $1 OFFSET $2) subquery_for_count[0m  [["LIMIT", 30], ["OFFSET", 0]]
  [1m[35mCACHE  (0.0ms)[0m  [1m[34mSELECT COUNT(*) FROM (SELECT 1 AS one FROM "cards" LIMIT $1 OFFSET $2) subquery_for_count[0m  [["LIMIT", 30], ["OFFSET", 0]]
  [1m[35m (0.2ms)[0m  [1m[34mSELECT COUNT(*) FROM "cards"[0m
  [1m[35mCACHE  (0.0ms)[0m  [1m[34mSELECT COUNT(*) FROM (SELECT 1 AS one FROM "cards" LIMIT $1 OFFSET $2) subquery_for_count[0m  [["LIMIT", 30], ["OFFSET", 0]]
  [1m[36mCard Load (0.4ms)[0m  [1m[34mSELECT "cards".* FROM "cards" ORDER BY "cards"."id" desc LIMIT $1 OFFSET $2[0m  [["LIMIT", 30], ["OFFSET", 0]]
  Rendered /Users/annamoser/.rbenv/versions/2.6.3/lib/ruby/gems/2.6.0/gems/activeadmin-2.4.0/app/views/active_admin/resource/index.html.arb (Duration: 110.4ms | Allocations: 68630)
Completed 200 OK in 115ms (Views: 111.4ms | ActiveRecord: 1.1ms | Allocations: 70949)


Started GET "/favicon.ico" for ::1 at 2020-04-18 10:16:03 -0400
  
ActionController::RoutingError (No route matches [GET] "/favicon.ico"):
  
actionpack (6.0.1) lib/action_dispatch/middleware/debug_exceptions.rb:36:in `call'
actionpack (6.0.1) lib/action_dispatch/middleware/show_exceptions.rb:33:in `call'
railties (6.0.1) lib/rails/rack/logger.rb:38:in `call_app'
railties (6.0.1) lib/rails/rack/logger.rb:26:in `block in call'
activesupport (6.0.1) lib/active_support/tagged_logging.rb:80:in `block in tagged'
activesupport (6.0.1) lib/active_support/tagged_logging.rb:28:in `tagged'
activesupport (6.0.1) lib/active_support/tagged_logging.rb:80:in `tagged'
railties (6.0.1) lib/rails/rack/logger.rb:26:in `call'
actionpack (6.0.1) lib/action_dispatch/middleware/remote_ip.rb:81:in `call'
actionpack (6.0.1) lib/action_dispatch/middleware/request_id.rb:27:in `call'
rack (2.0.7) lib/rack/runtime.rb:22:in `call'
activesupport (6.0.1) lib/active_support/cache/strategy/local_cache_middleware.rb:29:in `call'
actionpack (6.0.1) lib/action_dispatch/middleware/executor.rb:14:in `call'
actionpack (6.0.1) lib/action_dispatch/middleware/static.rb:126:in `call'
rack (2.0.7) lib/rack/sendfile.rb:111:in `call'
actionpack (6.0.1) lib/action_dispatch/middleware/host_authorization.rb:83:in `call'
rack-cors (1.0.3) lib/rack/cors.rb:95:in `call'
rack-cors (1.0.3) lib/rack/cors.rb:95:in `call'
railties (6.0.1) lib/rails/engine.rb:526:in `call'
puma (4.2.1) lib/puma/configuration.rb:228:in `call'
puma (4.2.1) lib/puma/server.rb:667:in `handle_request'
puma (4.2.1) lib/puma/server.rb:470:in `process_client'
puma (4.2.1) lib/puma/server.rb:328:in `block in run'
puma (4.2.1) lib/puma/thread_pool.rb:134:in `block in spawn_thread'
Started GET "/admin/dashboard" for ::1 at 2020-04-18 10:16:05 -0400
Processing by Admin::DashboardController#index as HTML
  Rendering /Users/annamoser/.rbenv/versions/2.6.3/lib/ruby/gems/2.6.0/gems/activeadmin-2.4.0/app/views/active_admin/page/index.html.arb
  Rendered /Users/annamoser/.rbenv/versions/2.6.3/lib/ruby/gems/2.6.0/gems/activeadmin-2.4.0/app/views/active_admin/page/index.html.arb (Duration: 26.6ms | Allocations: 17666)
Completed 200 OK in 28ms (Views: 27.0ms | ActiveRecord: 0.0ms | Allocations: 18155)


Started GET "/favicon.ico" for ::1 at 2020-04-18 10:16:05 -0400
  
ActionController::RoutingError (No route matches [GET] "/favicon.ico"):
  
actionpack (6.0.1) lib/action_dispatch/middleware/debug_exceptions.rb:36:in `call'
actionpack (6.0.1) lib/action_dispatch/middleware/show_exceptions.rb:33:in `call'
railties (6.0.1) lib/rails/rack/logger.rb:38:in `call_app'
railties (6.0.1) lib/rails/rack/logger.rb:26:in `block in call'
activesupport (6.0.1) lib/active_support/tagged_logging.rb:80:in `block in tagged'
activesupport (6.0.1) lib/active_support/tagged_logging.rb:28:in `tagged'
activesupport (6.0.1) lib/active_support/tagged_logging.rb:80:in `tagged'
railties (6.0.1) lib/rails/rack/logger.rb:26:in `call'
actionpack (6.0.1) lib/action_dispatch/middleware/remote_ip.rb:81:in `call'
actionpack (6.0.1) lib/action_dispatch/middleware/request_id.rb:27:in `call'
rack (2.0.7) lib/rack/runtime.rb:22:in `call'
activesupport (6.0.1) lib/active_support/cache/strategy/local_cache_middleware.rb:29:in `call'
actionpack (6.0.1) lib/action_dispatch/middleware/executor.rb:14:in `call'
actionpack (6.0.1) lib/action_dispatch/middleware/static.rb:126:in `call'
rack (2.0.7) lib/rack/sendfile.rb:111:in `call'
actionpack (6.0.1) lib/action_dispatch/middleware/host_authorization.rb:83:in `call'
rack-cors (1.0.3) lib/rack/cors.rb:95:in `call'
rack-cors (1.0.3) lib/rack/cors.rb:95:in `call'
railties (6.0.1) lib/rails/engine.rb:526:in `call'
puma (4.2.1) lib/puma/configuration.rb:228:in `call'
puma (4.2.1) lib/puma/server.rb:667:in `handle_request'
puma (4.2.1) lib/puma/server.rb:470:in `process_client'
puma (4.2.1) lib/puma/server.rb:328:in `block in run'
puma (4.2.1) lib/puma/thread_pool.rb:134:in `block in spawn_thread'
Started GET "/admin/cards" for ::1 at 2020-04-18 10:16:06 -0400
Processing by Admin::CardsController#index as HTML
  Rendering /Users/annamoser/.rbenv/versions/2.6.3/lib/ruby/gems/2.6.0/gems/activeadmin-2.4.0/app/views/active_admin/resource/index.html.arb
  [1m[35m (0.3ms)[0m  [1m[34mSELECT COUNT(*) FROM (SELECT 1 AS one FROM "cards" LIMIT $1 OFFSET $2) subquery_for_count[0m  [["LIMIT", 30], ["OFFSET", 0]]
  [1m[35mCACHE  (0.0ms)[0m  [1m[34mSELECT COUNT(*) FROM (SELECT 1 AS one FROM "cards" LIMIT $1 OFFSET $2) subquery_for_count[0m  [["LIMIT", 30], ["OFFSET", 0]]
  [1m[35m (0.2ms)[0m  [1m[34mSELECT COUNT(*) FROM "cards"[0m
  [1m[35mCACHE  (0.0ms)[0m  [1m[34mSELECT COUNT(*) FROM (SELECT 1 AS one FROM "cards" LIMIT $1 OFFSET $2) subquery_for_count[0m  [["LIMIT", 30], ["OFFSET", 0]]
  [1m[36mCard Load (0.2ms)[0m  [1m[34mSELECT "cards".* FROM "cards" ORDER BY "cards"."id" desc LIMIT $1 OFFSET $2[0m  [["LIMIT", 30], ["OFFSET", 0]]
  Rendered /Users/annamoser/.rbenv/versions/2.6.3/lib/ruby/gems/2.6.0/gems/activeadmin-2.4.0/app/views/active_admin/resource/index.html.arb (Duration: 56.5ms | Allocations: 64578)
Completed 200 OK in 58ms (Views: 56.1ms | ActiveRecord: 0.8ms | Allocations: 65389)


Started GET "/favicon.ico" for ::1 at 2020-04-18 10:16:06 -0400
  
ActionController::RoutingError (No route matches [GET] "/favicon.ico"):
  
actionpack (6.0.1) lib/action_dispatch/middleware/debug_exceptions.rb:36:in `call'
actionpack (6.0.1) lib/action_dispatch/middleware/show_exceptions.rb:33:in `call'
railties (6.0.1) lib/rails/rack/logger.rb:38:in `call_app'
railties (6.0.1) lib/rails/rack/logger.rb:26:in `block in call'
activesupport (6.0.1) lib/active_support/tagged_logging.rb:80:in `block in tagged'
activesupport (6.0.1) lib/active_support/tagged_logging.rb:28:in `tagged'
activesupport (6.0.1) lib/active_support/tagged_logging.rb:80:in `tagged'
railties (6.0.1) lib/rails/rack/logger.rb:26:in `call'
actionpack (6.0.1) lib/action_dispatch/middleware/remote_ip.rb:81:in `call'
actionpack (6.0.1) lib/action_dispatch/middleware/request_id.rb:27:in `call'
rack (2.0.7) lib/rack/runtime.rb:22:in `call'
activesupport (6.0.1) lib/active_support/cache/strategy/local_cache_middleware.rb:29:in `call'
actionpack (6.0.1) lib/action_dispatch/middleware/executor.rb:14:in `call'
actionpack (6.0.1) lib/action_dispatch/middleware/static.rb:126:in `call'
rack (2.0.7) lib/rack/sendfile.rb:111:in `call'
actionpack (6.0.1) lib/action_dispatch/middleware/host_authorization.rb:83:in `call'
rack-cors (1.0.3) lib/rack/cors.rb:95:in `call'
rack-cors (1.0.3) lib/rack/cors.rb:95:in `call'
railties (6.0.1) lib/rails/engine.rb:526:in `call'
puma (4.2.1) lib/puma/configuration.rb:228:in `call'
puma (4.2.1) lib/puma/server.rb:667:in `handle_request'
puma (4.2.1) lib/puma/server.rb:470:in `process_client'
puma (4.2.1) lib/puma/server.rb:328:in `block in run'
puma (4.2.1) lib/puma/thread_pool.rb:134:in `block in spawn_thread'
Started GET "/api/cards.json" for ::1 at 2020-04-18 10:20:43 -0400
Processing by CardsController#index as JSON
  [1m[36mCard Load (0.2ms)[0m  [1m[34mSELECT "cards".* FROM "cards"[0m
  ↳ app/controllers/cards_controller.rb:4:in `index'
Completed 200 OK in 2ms (Views: 1.9ms | ActiveRecord: 0.2ms | Allocations: 2334)


Started GET "/api/cards.json" for ::1 at 2020-04-18 10:20:51 -0400
Processing by CardsController#index as JSON
  [1m[36mCard Load (0.3ms)[0m  [1m[34mSELECT "cards".* FROM "cards"[0m
  ↳ app/controllers/cards_controller.rb:4:in `index'
Completed 200 OK in 2ms (Views: 1.7ms | ActiveRecord: 0.3ms | Allocations: 2321)


Started GET "/api/cards.json" for ::1 at 2020-04-18 10:20:54 -0400
Processing by CardsController#index as JSON
  [1m[36mCard Load (0.2ms)[0m  [1m[34mSELECT "cards".* FROM "cards"[0m
  ↳ app/controllers/cards_controller.rb:4:in `index'
Completed 200 OK in 2ms (Views: 1.8ms | ActiveRecord: 0.2ms | Allocations: 2340)


Started GET "/api/cards.json" for ::1 at 2020-04-18 10:20:58 -0400
Processing by CardsController#index as JSON
  [1m[36mCard Load (0.2ms)[0m  [1m[34mSELECT "cards".* FROM "cards"[0m
  ↳ app/controllers/cards_controller.rb:4:in `index'
Completed 200 OK in 2ms (Views: 2.0ms | ActiveRecord: 0.2ms | Allocations: 2335)


Started GET "/api/cards.json" for ::1 at 2020-04-18 10:21:05 -0400
Processing by CardsController#index as JSON
  [1m[36mCard Load (0.2ms)[0m  [1m[34mSELECT "cards".* FROM "cards"[0m
  ↳ app/controllers/cards_controller.rb:4:in `index'
Completed 200 OK in 3ms (Views: 2.2ms | ActiveRecord: 0.2ms | Allocations: 2321)


Started POST "/api/cards" for ::1 at 2020-04-18 10:22:21 -0400
Processing by CardsController#create as HTML
  Parameters: {"card_question"=>"This card is a test", "card_answer"=>"This is an answer", "isCreated"=>false, "card"=>{"card_question"=>"This card is a test", "card_answer"=>"This is an answer"}}
  [1m[35m (0.1ms)[0m  [1m[35mBEGIN[0m
  ↳ app/controllers/cards_controller.rb:18:in `create'
  [1m[36mCard Create (8.4ms)[0m  [1m[32mINSERT INTO "cards" ("card_question", "card_answer", "created_at", "updated_at") VALUES ($1, $2, $3, $4) RETURNING "id"[0m  [["card_question", "This card is a test"], ["card_answer", "This is an answer"], ["created_at", "2020-04-18 14:22:21.970849"], ["updated_at", "2020-04-18 14:22:21.970849"]]
  ↳ app/controllers/cards_controller.rb:18:in `create'
  [1m[35m (0.8ms)[0m  [1m[35mCOMMIT[0m
  ↳ app/controllers/cards_controller.rb:18:in `create'
Completed 200 OK in 13ms (Views: 0.3ms | ActiveRecord: 9.4ms | Allocations: 2456)


Started GET "/api/cards.json" for ::1 at 2020-04-18 10:22:21 -0400
Processing by CardsController#index as JSON
  [1m[36mCard Load (0.2ms)[0m  [1m[34mSELECT "cards".* FROM "cards"[0m
  ↳ app/controllers/cards_controller.rb:4:in `index'
Completed 200 OK in 3ms (Views: 2.2ms | ActiveRecord: 0.2ms | Allocations: 2437)


Started GET "/api/cards.json" for ::1 at 2020-04-18 10:22:22 -0400
Processing by CardsController#index as JSON
  [1m[36mCard Load (0.2ms)[0m  [1m[34mSELECT "cards".* FROM "cards"[0m
  ↳ app/controllers/cards_controller.rb:4:in `index'
Completed 200 OK in 2ms (Views: 2.0ms | ActiveRecord: 0.2ms | Allocations: 2437)


Started GET "/admin/" for ::1 at 2020-04-18 10:29:07 -0400
Processing by Admin::DashboardController#index as HTML
  Rendering /Users/annamoser/.rbenv/versions/2.6.3/lib/ruby/gems/2.6.0/gems/activeadmin-2.4.0/app/views/active_admin/page/index.html.arb
  Rendered /Users/annamoser/.rbenv/versions/2.6.3/lib/ruby/gems/2.6.0/gems/activeadmin-2.4.0/app/views/active_admin/page/index.html.arb (Duration: 15.8ms | Allocations: 17479)
Completed 200 OK in 17ms (Views: 16.2ms | ActiveRecord: 0.0ms | Allocations: 17958)


Started GET "/favicon.ico" for ::1 at 2020-04-18 10:29:07 -0400
  
ActionController::RoutingError (No route matches [GET] "/favicon.ico"):
  
actionpack (6.0.1) lib/action_dispatch/middleware/debug_exceptions.rb:36:in `call'
actionpack (6.0.1) lib/action_dispatch/middleware/show_exceptions.rb:33:in `call'
railties (6.0.1) lib/rails/rack/logger.rb:38:in `call_app'
railties (6.0.1) lib/rails/rack/logger.rb:26:in `block in call'
activesupport (6.0.1) lib/active_support/tagged_logging.rb:80:in `block in tagged'
activesupport (6.0.1) lib/active_support/tagged_logging.rb:28:in `tagged'
activesupport (6.0.1) lib/active_support/tagged_logging.rb:80:in `tagged'
railties (6.0.1) lib/rails/rack/logger.rb:26:in `call'
actionpack (6.0.1) lib/action_dispatch/middleware/remote_ip.rb:81:in `call'
actionpack (6.0.1) lib/action_dispatch/middleware/request_id.rb:27:in `call'
rack (2.0.7) lib/rack/runtime.rb:22:in `call'
activesupport (6.0.1) lib/active_support/cache/strategy/local_cache_middleware.rb:29:in `call'
actionpack (6.0.1) lib/action_dispatch/middleware/executor.rb:14:in `call'
actionpack (6.0.1) lib/action_dispatch/middleware/static.rb:126:in `call'
rack (2.0.7) lib/rack/sendfile.rb:111:in `call'
actionpack (6.0.1) lib/action_dispatch/middleware/host_authorization.rb:83:in `call'
rack-cors (1.0.3) lib/rack/cors.rb:95:in `call'
rack-cors (1.0.3) lib/rack/cors.rb:95:in `call'
railties (6.0.1) lib/rails/engine.rb:526:in `call'
puma (4.2.1) lib/puma/configuration.rb:228:in `call'
puma (4.2.1) lib/puma/server.rb:667:in `handle_request'
puma (4.2.1) lib/puma/server.rb:470:in `process_client'
puma (4.2.1) lib/puma/server.rb:328:in `block in run'
puma (4.2.1) lib/puma/thread_pool.rb:134:in `block in spawn_thread'
Started GET "/admin/games" for ::1 at 2020-04-18 10:29:56 -0400
Processing by Admin::GamesController#index as HTML
  Rendering /Users/annamoser/.rbenv/versions/2.6.3/lib/ruby/gems/2.6.0/gems/activeadmin-2.4.0/app/views/active_admin/resource/index.html.arb
  [1m[35m (0.8ms)[0m  [1m[34mSELECT COUNT(*) FROM (SELECT 1 AS one FROM "games" LIMIT $1 OFFSET $2) subquery_for_count[0m  [["LIMIT", 30], ["OFFSET", 0]]
  Rendered /Users/annamoser/.rbenv/versions/2.6.3/lib/ruby/gems/2.6.0/gems/activeadmin-2.4.0/app/views/active_admin/resource/index.html.arb (Duration: 24.7ms | Allocations: 27646)
Completed 200 OK in 32ms (Views: 25.4ms | ActiveRecord: 4.7ms | Allocations: 29656)


Started GET "/favicon.ico" for ::1 at 2020-04-18 10:29:56 -0400
  
ActionController::RoutingError (No route matches [GET] "/favicon.ico"):
  
actionpack (6.0.1) lib/action_dispatch/middleware/debug_exceptions.rb:36:in `call'
actionpack (6.0.1) lib/action_dispatch/middleware/show_exceptions.rb:33:in `call'
railties (6.0.1) lib/rails/rack/logger.rb:38:in `call_app'
railties (6.0.1) lib/rails/rack/logger.rb:26:in `block in call'
activesupport (6.0.1) lib/active_support/tagged_logging.rb:80:in `block in tagged'
activesupport (6.0.1) lib/active_support/tagged_logging.rb:28:in `tagged'
activesupport (6.0.1) lib/active_support/tagged_logging.rb:80:in `tagged'
railties (6.0.1) lib/rails/rack/logger.rb:26:in `call'
actionpack (6.0.1) lib/action_dispatch/middleware/remote_ip.rb:81:in `call'
actionpack (6.0.1) lib/action_dispatch/middleware/request_id.rb:27:in `call'
rack (2.0.7) lib/rack/runtime.rb:22:in `call'
activesupport (6.0.1) lib/active_support/cache/strategy/local_cache_middleware.rb:29:in `call'
actionpack (6.0.1) lib/action_dispatch/middleware/executor.rb:14:in `call'
actionpack (6.0.1) lib/action_dispatch/middleware/static.rb:126:in `call'
rack (2.0.7) lib/rack/sendfile.rb:111:in `call'
actionpack (6.0.1) lib/action_dispatch/middleware/host_authorization.rb:83:in `call'
rack-cors (1.0.3) lib/rack/cors.rb:95:in `call'
rack-cors (1.0.3) lib/rack/cors.rb:95:in `call'
railties (6.0.1) lib/rails/engine.rb:526:in `call'
puma (4.2.1) lib/puma/configuration.rb:228:in `call'
puma (4.2.1) lib/puma/server.rb:667:in `handle_request'
puma (4.2.1) lib/puma/server.rb:470:in `process_client'
puma (4.2.1) lib/puma/server.rb:328:in `block in run'
puma (4.2.1) lib/puma/thread_pool.rb:134:in `block in spawn_thread'
Started GET "/admin/comments" for ::1 at 2020-04-18 10:29:57 -0400
Processing by Admin::CommentsController#index as HTML
  Rendering /Users/annamoser/.rbenv/versions/2.6.3/lib/ruby/gems/2.6.0/gems/activeadmin-2.4.0/app/views/active_admin/resource/index.html.arb
  [1m[35m (5.2ms)[0m  [1m[34mSELECT COUNT(*) FROM "active_admin_comments" WHERE "active_admin_comments"."namespace" = $1[0m  [["namespace", "admin"]]
  [1m[35m (0.3ms)[0m  [1m[34mSELECT COUNT(*) FROM (SELECT 1 AS one FROM "active_admin_comments" WHERE "active_admin_comments"."namespace" = $1 LIMIT $2 OFFSET $3) subquery_for_count[0m  [["namespace", "admin"], ["LIMIT", 30], ["OFFSET", 0]]
  [1m[35m (0.5ms)[0m  [1m[34mSELECT DISTINCT "active_admin_comments"."resource_type" FROM "active_admin_comments" ORDER BY resource_type asc[0m
  [1m[35m (0.3ms)[0m  [1m[34mSELECT DISTINCT "active_admin_comments"."author_type" FROM "active_admin_comments" ORDER BY author_type asc[0m
  Rendered /Users/annamoser/.rbenv/versions/2.6.3/lib/ruby/gems/2.6.0/gems/activeadmin-2.4.0/app/views/active_admin/resource/index.html.arb (Duration: 64.2ms | Allocations: 43559)
Completed 200 OK in 71ms (Views: 59.7ms | ActiveRecord: 8.6ms | Allocations: 45783)


Started GET "/favicon.ico" for ::1 at 2020-04-18 10:29:57 -0400
  
ActionController::RoutingError (No route matches [GET] "/favicon.ico"):
  
actionpack (6.0.1) lib/action_dispatch/middleware/debug_exceptions.rb:36:in `call'
actionpack (6.0.1) lib/action_dispatch/middleware/show_exceptions.rb:33:in `call'
railties (6.0.1) lib/rails/rack/logger.rb:38:in `call_app'
railties (6.0.1) lib/rails/rack/logger.rb:26:in `block in call'
activesupport (6.0.1) lib/active_support/tagged_logging.rb:80:in `block in tagged'
activesupport (6.0.1) lib/active_support/tagged_logging.rb:28:in `tagged'
activesupport (6.0.1) lib/active_support/tagged_logging.rb:80:in `tagged'
railties (6.0.1) lib/rails/rack/logger.rb:26:in `call'
actionpack (6.0.1) lib/action_dispatch/middleware/remote_ip.rb:81:in `call'
actionpack (6.0.1) lib/action_dispatch/middleware/request_id.rb:27:in `call'
rack (2.0.7) lib/rack/runtime.rb:22:in `call'
activesupport (6.0.1) lib/active_support/cache/strategy/local_cache_middleware.rb:29:in `call'
actionpack (6.0.1) lib/action_dispatch/middleware/executor.rb:14:in `call'
actionpack (6.0.1) lib/action_dispatch/middleware/static.rb:126:in `call'
rack (2.0.7) lib/rack/sendfile.rb:111:in `call'
actionpack (6.0.1) lib/action_dispatch/middleware/host_authorization.rb:83:in `call'
rack-cors (1.0.3) lib/rack/cors.rb:95:in `call'
rack-cors (1.0.3) lib/rack/cors.rb:95:in `call'
railties (6.0.1) lib/rails/engine.rb:526:in `call'
puma (4.2.1) lib/puma/configuration.rb:228:in `call'
puma (4.2.1) lib/puma/server.rb:667:in `handle_request'
puma (4.2.1) lib/puma/server.rb:470:in `process_client'
puma (4.2.1) lib/puma/server.rb:328:in `block in run'
puma (4.2.1) lib/puma/thread_pool.rb:134:in `block in spawn_thread'
Started GET "/admin/cards" for ::1 at 2020-04-18 10:29:58 -0400
Processing by Admin::CardsController#index as HTML
  Rendering /Users/annamoser/.rbenv/versions/2.6.3/lib/ruby/gems/2.6.0/gems/activeadmin-2.4.0/app/views/active_admin/resource/index.html.arb
  [1m[35m (0.5ms)[0m  [1m[34mSELECT COUNT(*) FROM (SELECT 1 AS one FROM "cards" LIMIT $1 OFFSET $2) subquery_for_count[0m  [["LIMIT", 30], ["OFFSET", 0]]
  [1m[35mCACHE  (0.0ms)[0m  [1m[34mSELECT COUNT(*) FROM (SELECT 1 AS one FROM "cards" LIMIT $1 OFFSET $2) subquery_for_count[0m  [["LIMIT", 30], ["OFFSET", 0]]
  [1m[35m (0.2ms)[0m  [1m[34mSELECT COUNT(*) FROM "cards"[0m
  [1m[35mCACHE  (0.0ms)[0m  [1m[34mSELECT COUNT(*) FROM (SELECT 1 AS one FROM "cards" LIMIT $1 OFFSET $2) subquery_for_count[0m  [["LIMIT", 30], ["OFFSET", 0]]
  [1m[36mCard Load (0.4ms)[0m  [1m[34mSELECT "cards".* FROM "cards" ORDER BY "cards"."id" desc LIMIT $1 OFFSET $2[0m  [["LIMIT", 30], ["OFFSET", 0]]
  Rendered /Users/annamoser/.rbenv/versions/2.6.3/lib/ruby/gems/2.6.0/gems/activeadmin-2.4.0/app/views/active_admin/resource/index.html.arb (Duration: 55.6ms | Allocations: 66467)
Completed 200 OK in 57ms (Views: 55.0ms | ActiveRecord: 1.0ms | Allocations: 67264)


Started GET "/favicon.ico" for ::1 at 2020-04-18 10:29:58 -0400
  
ActionController::RoutingError (No route matches [GET] "/favicon.ico"):
  
actionpack (6.0.1) lib/action_dispatch/middleware/debug_exceptions.rb:36:in `call'
actionpack (6.0.1) lib/action_dispatch/middleware/show_exceptions.rb:33:in `call'
railties (6.0.1) lib/rails/rack/logger.rb:38:in `call_app'
railties (6.0.1) lib/rails/rack/logger.rb:26:in `block in call'
activesupport (6.0.1) lib/active_support/tagged_logging.rb:80:in `block in tagged'
activesupport (6.0.1) lib/active_support/tagged_logging.rb:28:in `tagged'
activesupport (6.0.1) lib/active_support/tagged_logging.rb:80:in `tagged'
railties (6.0.1) lib/rails/rack/logger.rb:26:in `call'
actionpack (6.0.1) lib/action_dispatch/middleware/remote_ip.rb:81:in `call'
actionpack (6.0.1) lib/action_dispatch/middleware/request_id.rb:27:in `call'
rack (2.0.7) lib/rack/runtime.rb:22:in `call'
activesupport (6.0.1) lib/active_support/cache/strategy/local_cache_middleware.rb:29:in `call'
actionpack (6.0.1) lib/action_dispatch/middleware/executor.rb:14:in `call'
actionpack (6.0.1) lib/action_dispatch/middleware/static.rb:126:in `call'
rack (2.0.7) lib/rack/sendfile.rb:111:in `call'
actionpack (6.0.1) lib/action_dispatch/middleware/host_authorization.rb:83:in `call'
rack-cors (1.0.3) lib/rack/cors.rb:95:in `call'
rack-cors (1.0.3) lib/rack/cors.rb:95:in `call'
railties (6.0.1) lib/rails/engine.rb:526:in `call'
puma (4.2.1) lib/puma/configuration.rb:228:in `call'
puma (4.2.1) lib/puma/server.rb:667:in `handle_request'
puma (4.2.1) lib/puma/server.rb:470:in `process_client'
puma (4.2.1) lib/puma/server.rb:328:in `block in run'
puma (4.2.1) lib/puma/thread_pool.rb:134:in `block in spawn_thread'
Started GET "/api/cards.json" for ::1 at 2020-04-18 10:41:52 -0400
  [1m[35m (0.4ms)[0m  [1m[34mSELECT "schema_migrations"."version" FROM "schema_migrations" ORDER BY "schema_migrations"."version" ASC[0m
Processing by CardsController#index as JSON
  [1m[36mCard Load (0.5ms)[0m  [1m[34mSELECT "cards".* FROM "cards"[0m
  ↳ app/controllers/cards_controller.rb:4:in `index'
Completed 200 OK in 10ms (Views: 5.9ms | ActiveRecord: 3.3ms | Allocations: 5948)


Started GET "/api/cards.json" for ::1 at 2020-04-18 10:42:01 -0400
Processing by CardsController#index as JSON
  [1m[36mCard Load (0.3ms)[0m  [1m[34mSELECT "cards".* FROM "cards"[0m
  ↳ app/controllers/cards_controller.rb:4:in `index'
Completed 200 OK in 3ms (Views: 2.4ms | ActiveRecord: 0.3ms | Allocations: 2456)


Started GET "/api/cards.json" for ::1 at 2020-04-18 10:42:02 -0400
Processing by CardsController#index as JSON
  [1m[36mCard Load (0.2ms)[0m  [1m[34mSELECT "cards".* FROM "cards"[0m
  ↳ app/controllers/cards_controller.rb:4:in `index'
Completed 200 OK in 3ms (Views: 2.4ms | ActiveRecord: 0.2ms | Allocations: 2456)


Started GET "/api/cards.json" for ::1 at 2020-04-18 10:42:04 -0400
Processing by CardsController#index as JSON
  [1m[36mCard Load (0.2ms)[0m  [1m[34mSELECT "cards".* FROM "cards"[0m
  ↳ app/controllers/cards_controller.rb:4:in `index'
Completed 200 OK in 3ms (Views: 2.4ms | ActiveRecord: 0.2ms | Allocations: 2456)


Started GET "/api/cards.json" for ::1 at 2020-04-18 10:43:19 -0400
  [1m[35m (0.4ms)[0m  [1m[34mSELECT "schema_migrations"."version" FROM "schema_migrations" ORDER BY "schema_migrations"."version" ASC[0m
Processing by CardsController#index as JSON
  [1m[36mCard Load (0.5ms)[0m  [1m[34mSELECT "cards".* FROM "cards"[0m
  ↳ app/controllers/cards_controller.rb:4:in `index'
Completed 200 OK in 10ms (Views: 6.1ms | ActiveRecord: 3.2ms | Allocations: 5948)


